# JRE version: OpenJDK Runtime Environment Temurin-25.0.2+10 (25.0.2+10) (build 25.0.2+10-LTS)
# Java VM: OpenJDK 64-Bit Server VM Temurin-25.0.2+10 (25.0.2+10-LTS, mixed mode, sharing, tiered, compressed oops, compressed class ptrs, g1 gc, windows-amd64)
GC Precious Log:
 CardTable entry size: 512
 Card Set container configuration: InlinePtr #cards 5 size 8 Array Of Cards #cards 10 size 36 Howl #buckets 4 coarsen threshold 1843 Howl Bitmap #cards 512 size 80 coarsen threshold 460 Card regions per heap region 1 cards per card region 2048
 CPUs: 4 total, 4 available
 Memory: 7834M
 Large Page Support: Disabled
 NUMA Support: Disabled
 Compressed Oops: Enabled (32-bit)
 Heap Region Size: 1M
 Heap Min Capacity: 8M
 Heap Initial Capacity: 124M
 Heap Max Capacity: 1G
 Pre-touch: Disabled
 Parallel Workers: 4
 Concurrent Workers: 1
 Concurrent Refinement Workers: 4
 Periodic GC: Disabled
Heap:
 garbage-first heap   total reserved 1048576K, committed 78848K, used 43705K [0x00000000c0000000, 0x0000000100000000)
  region size 1024K, 1 young (1024K), 0 survivors (0K)
GC Heap Usage History (20 events):
Event: 110.602 {heap After GC invocations=29 (full 7):
 garbage-first heap   total reserved 1048576K, committed 78848K, used 43705K [0x00000000c0000000, 0x0000000100000000)
  region size 1024K, 0 young (0K), 0 survivors (0K)
}
Event: 121.377 {heap Before GC invocations=29 (full 7):
 garbage-first heap   total reserved 1048576K, committed 78848K, used 43705K [0x00000000c0000000, 0x0000000100000000)
  region size 1024K, 1 young (1024K), 0 survivors (0K)
}
Event: 121.452 {heap After GC invocations=30 (full 8):
 garbage-first heap   total reserved 1048576K, committed 78848K, used 43705K [0x00000000c0000000, 0x0000000100000000)
  region size 1024K, 0 young (0K), 0 survivors (0K)
}
Event: 131.997 {heap Before GC invocations=30 (full 8):
 garbage-first heap   total reserved 1048576K, committed 78848K, used 43705K [0x00000000c0000000, 0x0000000100000000)
  region size 1024K, 1 young (1024K), 0 survivors (0K)
}
Event: 132.067 {heap After GC invocations=31 (full 9):
 garbage-first heap   total reserved 1048576K, committed 78848K, used 43705K [0x00000000c0000000, 0x0000000100000000)
  region size 1024K, 0 young (0K), 0 survivors (0K)
}
Event: 142.782 {heap Before GC invocations=31 (full 9):
 garbage-first heap   total reserved 1048576K, committed 78848K, used 43705K [0x00000000c0000000, 0x0000000100000000)
  region size 1024K, 1 young (1024K), 0 survivors (0K)
}
Event: 142.891 {heap After GC invocations=32 (full 10):
 garbage-first heap   total reserved 1048576K, committed 78848K, used 43705K [0x00000000c0000000, 0x0000000100000000)
  region size 1024K, 0 young (0K), 0 survivors (0K)
}
Event: 153.580 {heap Before GC invocations=32 (full 10):
 garbage-first heap   total reserved 1048576K, committed 78848K, used 43705K [0x00000000c0000000, 0x0000000100000000)
  region size 1024K, 1 young (1024K), 0 survivors (0K)
}
Event: 153.659 {heap After GC invocations=33 (full 11):
 garbage-first heap   total reserved 1048576K, committed 78848K, used 43705K [0x00000000c0000000, 0x0000000100000000)
  region size 1024K, 0 young (0K), 0 survivors (0K)
}
Event: 164.136 {heap Before GC invocations=33 (full 11):
 garbage-first heap   total reserved 1048576K, committed 78848K, used 43705K [0x00000000c0000000, 0x0000000100000000)
  region size 1024K, 1 young (1024K), 0 survivors (0K)
}
Event: 164.193 {heap After GC invocations=34 (full 12):
 garbage-first heap   total reserved 1048576K, committed 78848K, used 43705K [0x00000000c0000000, 0x0000000100000000)
  region size 1024K, 0 young (0K), 0 survivors (0K)
}
Event: 174.979 {heap Before GC invocations=34 (full 12):
 garbage-first heap   total reserved 1048576K, committed 78848K, used 43705K [0x00000000c0000000, 0x0000000100000000)
  region size 1024K, 1 young (1024K), 0 survivors (0K)
}
Event: 175.042 {heap After GC invocations=35 (full 13):
 garbage-first heap   total reserved 1048576K, committed 78848K, used 43705K [0x00000000c0000000, 0x0000000100000000)
  region size 1024K, 0 young (0K), 0 survivors (0K)
}
Event: 185.571 {heap Before GC invocations=35 (full 13):
 garbage-first heap   total reserved 1048576K, committed 78848K, used 43705K [0x00000000c0000000, 0x0000000100000000)
  region size 1024K, 1 young (1024K), 0 survivors (0K)
}
Event: 185.634 {heap After GC invocations=36 (full 14):
 garbage-first heap   total reserved 1048576K, committed 78848K, used 43705K [0x00000000c0000000, 0x0000000100000000)
  region size 1024K, 0 young (0K), 0 survivors (0K)
}
Event: 196.399 {heap Before GC invocations=36 (full 14):
 garbage-first heap   total reserved 1048576K, committed 78848K, used 43705K [0x00000000c0000000, 0x0000000100000000)
  region size 1024K, 1 young (1024K), 0 survivors (0K)
}
Event: 196.475 {heap After GC invocations=37 (full 15):
 garbage-first heap   total reserved 1048576K, committed 78848K, used 43705K [0x00000000c0000000, 0x0000000100000000)
  region size 1024K, 0 young (0K), 0 survivors (0K)
}
Event: 207.030 {heap Before GC invocations=37 (full 15):
 garbage-first heap   total reserved 1048576K, committed 78848K, used 43705K [0x00000000c0000000, 0x0000000100000000)
  region size 1024K, 1 young (1024K), 0 survivors (0K)
}
Event: 207.085 {heap After GC invocations=38 (full 16):
 garbage-first heap   total reserved 1048576K, committed 78848K, used 43705K [0x00000000c0000000, 0x0000000100000000)
  region size 1024K, 0 young (0K), 0 survivors (0K)
}
Event: 217.683 {heap Before GC invocations=38 (full 16):
 garbage-first heap   total reserved 1048576K, committed 78848K, used 43705K [0x00000000c0000000, 0x0000000100000000)
  region size 1024K, 1 young (1024K), 0 survivors (0K)
}

